<?xml version="1.0" encoding="UTF-8"?>
<!-- Generated by org.testng.reporters.JUnitReportReporter -->
<testsuite hostname="DESKTOP-28161K9" failures="0" tests="1" name="frontEndTest.loginTest" time="0.819" errors="0" timestamp="2023-05-15T22:33:59 IST" skipped="0">
  <testcase classname="frontEndTest.loginTest" name="login" time="0.819"/>
  <system-out/>
</testsuite> <!-- frontEndTest.loginTest -->
