<?xml version="1.0" encoding="UTF-8"?>
<!-- Generated by org.testng.reporters.JUnitReportReporter -->
<testsuite hostname="DESKTOP-28161K9" failures="0" tests="1" name="frontEndTest.completeCheckoutTest" time="0.000" errors="0" timestamp="2023-05-22T23:13:40 IST" skipped="1">
  <testcase classname="frontEndTest.completeCheckoutTest" name="checkoutProcess" time="0.000">
    <skipped/>
  </testcase> <!-- checkoutProcess -->
  <system-out/>
</testsuite> <!-- frontEndTest.completeCheckoutTest -->
