<?xml version="1.0" encoding="UTF-8"?>
<!-- Generated by org.testng.reporters.JUnitReportReporter -->
<testsuite hostname="DESKTOP-28161K9" failures="0" tests="1" name="frontEndTest.getWebsite" time="15.901" errors="0" timestamp="2023-05-14T23:13:52 IST" skipped="0">
  <testcase classname="frontEndTest.getWebsite" name="launchWeb" time="15.901"/>
  <system-out/>
</testsuite> <!-- frontEndTest.getWebsite -->
