<?xml version="1.0" encoding="UTF-8"?>
<!-- Generated by org.testng.reporters.JUnitReportReporter -->
<testsuite hostname="DESKTOP-28161K9" failures="0" tests="1" name="frontEndTest.completeCheckoutTest" time="5.722" errors="0" timestamp="2023-05-14T23:33:19 IST" skipped="0">
  <testcase classname="frontEndTest.completeCheckoutTest" name="checkoutProcess" time="5.722"/>
  <system-out/>
</testsuite> <!-- frontEndTest.completeCheckoutTest -->
