<?xml version="1.0" encoding="UTF-8"?>
<!-- Generated by org.testng.reporters.JUnitReportReporter -->
<testsuite hostname="DESKTOP-28161K9" failures="0" tests="1" name="FrontendTestComponent.listener" time="98.604" errors="0" timestamp="2023-05-21T00:03:09 IST" skipped="0">
  <testcase classname="FrontendTestComponent.listener" name="initialDemo" time="98.604"/>
  <system-out/>
</testsuite> <!-- FrontendTestComponent.listener -->
